  Type.cpp
  Transformation.cpp
  Point.cpp
  Model.cpp
  Engine.cpp
c:\users\manny\documents\github\cg\cgetapa2\cgetapa2\engine.cpp(34): warning C4244: 'initializing': conversion from 'double' to 'float', possible loss of data
c:\users\manny\documents\github\cg\cgetapa2\cgetapa2\engine.cpp(114): error C2039: 'getCor': is not a member of 'Transformation'
  c:\users\manny\documents\github\cg\cgetapa2\cgetapa2\transformation.h(4): note: see declaration of 'Transformation'
c:\users\manny\documents\github\cg\cgetapa2\cgetapa2\engine.cpp(124): warning C4244: 'argument': conversion from 'double' to 'GLfloat', possible loss of data
c:\users\manny\documents\github\cg\cgetapa2\cgetapa2\engine.cpp(154): warning C4305: '+=': truncation from 'double' to 'float'
c:\users\manny\documents\github\cg\cgetapa2\cgetapa2\engine.cpp(161): warning C4305: '-=': truncation from 'double' to 'float'
c:\users\manny\documents\github\cg\cgetapa2\cgetapa2\engine.cpp(199): error C2065: 'rato': undeclared identifier
c:\users\manny\documents\github\cg\cgetapa2\cgetapa2\engine.cpp(200): error C2065: 'ratoInx': undeclared identifier
c:\users\manny\documents\github\cg\cgetapa2\cgetapa2\engine.cpp(201): error C2065: 'ratoIny': undeclared identifier
c:\users\manny\documents\github\cg\cgetapa2\cgetapa2\engine.cpp(204): error C2065: 'rato': undeclared identifier
c:\users\manny\documents\github\cg\cgetapa2\cgetapa2\engine.cpp(211): error C2065: 'rato': undeclared identifier
c:\users\manny\documents\github\cg\cgetapa2\cgetapa2\engine.cpp(212): error C2065: 'ratoInx': undeclared identifier
c:\users\manny\documents\github\cg\cgetapa2\cgetapa2\engine.cpp(215): warning C4305: '+=': truncation from 'double' to 'float'
c:\users\manny\documents\github\cg\cgetapa2\cgetapa2\engine.cpp(217): error C2065: 'ratoInx': undeclared identifier
c:\users\manny\documents\github\cg\cgetapa2\cgetapa2\engine.cpp(218): warning C4305: '-=': truncation from 'double' to 'float'
c:\users\manny\documents\github\cg\cgetapa2\cgetapa2\engine.cpp(220): error C2065: 'ratoIny': undeclared identifier
c:\users\manny\documents\github\cg\cgetapa2\cgetapa2\engine.cpp(225): error C2065: 'ratoIny': undeclared identifier
c:\users\manny\documents\github\cg\cgetapa2\cgetapa2\engine.cpp(267): warning C4244: '=': conversion from 'double' to 'float', possible loss of data
c:\users\manny\documents\github\cg\cgetapa2\cgetapa2\engine.cpp(273): warning C4244: '=': conversion from 'double' to 'float', possible loss of data
c:\users\manny\documents\github\cg\cgetapa2\cgetapa2\engine.cpp(279): warning C4244: '=': conversion from 'double' to 'float', possible loss of data
c:\users\manny\documents\github\cg\cgetapa2\cgetapa2\engine.cpp(391): error C2039: 'getCor': is not a member of 'Transformation'
  c:\users\manny\documents\github\cg\cgetapa2\cgetapa2\transformation.h(4): note: see declaration of 'Transformation'
c:\users\manny\documents\github\cg\cgetapa2\cgetapa2\engine.cpp(393): error C2039: 'setCor': is not a member of 'Transformation'
  c:\users\manny\documents\github\cg\cgetapa2\cgetapa2\transformation.h(4): note: see declaration of 'Transformation'
  tinyxml2.cpp
c1xx : fatal error C1083: Cannot open source file: '..\..\..\..\GitHub\CG\tinyxml2.cpp': No such file or directory
  Generating Code...
