  generator.cpp
generator.cpp(77): warning C4305: 'argument': truncation from 'double' to 'float'
generator.cpp(90): warning C4305: 'argument': truncation from 'double' to 'float'
generator.cpp(91): warning C4305: 'argument': truncation from 'double' to 'float'
generator.cpp(103): warning C4305: 'argument': truncation from 'double' to 'float'
generator.cpp(117): warning C4305: 'argument': truncation from 'double' to 'float'
generator.cpp(119): warning C4305: 'argument': truncation from 'double' to 'float'
generator.cpp(132): warning C4305: 'argument': truncation from 'double' to 'float'
generator.cpp(133): warning C4305: 'argument': truncation from 'double' to 'float'
generator.cpp(134): warning C4305: 'argument': truncation from 'double' to 'float'
generator.cpp(146): warning C4305: 'argument': truncation from 'double' to 'float'
generator.cpp(147): warning C4305: 'argument': truncation from 'double' to 'float'
generator.cpp(148): warning C4305: 'argument': truncation from 'double' to 'float'
generator.cpp(162): warning C4305: 'argument': truncation from 'double' to 'float'
generator.cpp(163): warning C4305: 'argument': truncation from 'double' to 'float'
generator.cpp(164): warning C4305: 'argument': truncation from 'double' to 'float'
generator.cpp(175): warning C4305: 'argument': truncation from 'double' to 'float'
generator.cpp(176): warning C4305: 'argument': truncation from 'double' to 'float'
generator.cpp(177): warning C4305: 'argument': truncation from 'double' to 'float'
generator.cpp(194): warning C4305: 'argument': truncation from 'double' to 'float'
generator.cpp(195): warning C4305: 'argument': truncation from 'double' to 'float'
generator.cpp(207): warning C4305: 'argument': truncation from 'double' to 'float'
generator.cpp(222): warning C4305: 'argument': truncation from 'double' to 'float'
generator.cpp(223): warning C4305: 'argument': truncation from 'double' to 'float'
generator.cpp(235): warning C4305: 'argument': truncation from 'double' to 'float'
generator.cpp(239): warning C4018: '<': signed/unsigned mismatch
generator.cpp(244): warning C4018: '<': signed/unsigned mismatch
generator.cpp(255): warning C4244: 'initializing': conversion from 'int' to 'float', possible loss of data
generator.cpp(261): warning C4244: 'initializing': conversion from 'double' to 'float', possible loss of data
generator.cpp(267): warning C4244: '=': conversion from 'double' to 'float', possible loss of data
generator.cpp(269): warning C4244: '=': conversion from 'double' to 'float', possible loss of data
generator.cpp(270): warning C4244: '=': conversion from 'double' to 'float', possible loss of data
generator.cpp(271): warning C4244: '=': conversion from 'double' to 'float', possible loss of data
generator.cpp(275): warning C4305: 'argument': truncation from 'double' to 'float'
generator.cpp(276): warning C4244: 'argument': conversion from 'double' to 'float', possible loss of data
generator.cpp(277): warning C4244: 'argument': conversion from 'double' to 'float', possible loss of data
generator.cpp(338): warning C4018: '<': signed/unsigned mismatch
generator.cpp(343): warning C4018: '<': signed/unsigned mismatch
generator.cpp(383): warning C4244: 'argument': conversion from 'double' to 'float', possible loss of data
generator.cpp(389): warning C4244: 'argument': conversion from 'double' to 'float', possible loss of data
generator.cpp(397): warning C4244: 'argument': conversion from 'double' to 'float', possible loss of data
generator.cpp(404): warning C4244: 'argument': conversion from 'double' to 'float', possible loss of data
generator.cpp(410): warning C4244: 'argument': conversion from 'double' to 'float', possible loss of data
generator.cpp(417): warning C4244: 'argument': conversion from 'double' to 'float', possible loss of data
generator.cpp(423): warning C4018: '<': signed/unsigned mismatch
generator.cpp(429): warning C4018: '<': signed/unsigned mismatch
generator.cpp(437): warning C4244: 'initializing': conversion from 'double' to 'float', possible loss of data
generator.cpp(512): warning C4244: '=': conversion from 'double' to 'float', possible loss of data
generator.cpp(518): warning C4244: 'initializing': conversion from 'double' to 'float', possible loss of data
  Generating code
  2 of 267 functions ( 0.7%) were compiled, the rest were copied from previous compilation.
    0 functions were new in current compilation
    10 functions had inline decision re-evaluated but remain unchanged
  Finished generating code
  Generator.vcxproj -> C:\Users\Manny\Documents\GitHub\CG\CGetapa4\Generator\Release\Generator.exe
