  Engine.cpp
Engine.cpp(38): warning C4244: 'initializing': conversion from 'double' to 'float', possible loss of data
Engine.cpp(128): warning C4244: 'argument': conversion from 'double' to 'GLfloat', possible loss of data
Engine.cpp(158): warning C4305: '+=': truncation from 'double' to 'float'
Engine.cpp(165): warning C4305: '-=': truncation from 'double' to 'float'
Engine.cpp(204): warning C4244: '=': conversion from 'int' to 'float', possible loss of data
Engine.cpp(205): warning C4244: '=': conversion from 'int' to 'float', possible loss of data
Engine.cpp(219): warning C4305: '+=': truncation from 'double' to 'float'
Engine.cpp(222): warning C4305: '-=': truncation from 'double' to 'float'
Engine.cpp(271): warning C4244: '=': conversion from 'double' to 'float', possible loss of data
Engine.cpp(277): warning C4244: '=': conversion from 'double' to 'float', possible loss of data
Engine.cpp(283): warning C4244: '=': conversion from 'double' to 'float', possible loss of data
Engine.cpp(260): warning C4101: 'aux': unreferenced local variable
Engine.cpp(306): warning C4101: 'c': unreferenced local variable
Engine.cpp(440): warning C4101: 'elem': unreferenced local variable
  Generating code
  1 of 666 functions ( 0.2%) were compiled, the rest were copied from previous compilation.
    0 functions were new in current compilation
    1 functions had inline decision re-evaluated but remain unchanged
  Finished generating code
  CGetapa2.vcxproj -> C:\Users\Manny\Documents\GitHub\CG\CGetapa2\Release\CGetapa2.exe
